<?xml version="1.0" encoding="UTF-8"?>
<coverage generated="1608182488975" clover="3.2.0">
  <project timestamp="1608182488976" name="All files">
    <metrics statements="6" coveredstatements="6" conditionals="0" coveredconditionals="0" methods="4" coveredmethods="4" elements="10" coveredelements="10" complexity="0" loc="6" ncloc="6" packages="1" files="1" classes="1"/>
    <file name="HelloWorld.vue" path="/Users/sathish/Desktop/Personal/vue/testing/src/components/HelloWorld.vue">
      <metrics statements="6" coveredstatements="6" conditionals="0" coveredconditionals="0" methods="4" coveredmethods="4"/>
      <line num="13" count="1" type="stmt"/>
      <line num="20" count="12" type="stmt"/>
      <line num="23" count="5" type="stmt"/>
      <line num="27" count="5" type="stmt"/>
      <line num="34" count="2" type="stmt"/>
      <line num="35" count="2" type="stmt"/>
    </file>
  </project>
</coverage>
