{"/Users/sathish/Desktop/Personal/vue/testing/src/components/HelloWorld.vue": {"path":"/Users/sathish/Desktop/Personal/vue/testing/src/components/HelloWorld.vue","statementMap":{"0":{"start":{"line":13,"column":15},"end":{"line":13,"column":null}},"1":{"start":{"line":20,"column":6},"end":{"line":20,"column":13}},"2":{"start":{"line":23,"column":6},"end":{"line":23,"column":13}},"3":{"start":{"line":27,"column":4},"end":{"line":27,"column":11}},"4":{"start":{"line":34,"column":6},"end":{"line":34,"column":11}},"5":{"start":{"line":35,"column":6},"end":{"line":35,"column":11}}},"fnMap":{"0":{"name":"(anonymous_0)","decl":{"start":{"line":19,"column":4},"end":{"line":19,"column":14}},"loc":{"start":{"line":19,"column":17},"end":{"line":21,"column":null}}},"1":{"name":"(anonymous_1)","decl":{"start":{"line":22,"column":4},"end":{"line":22,"column":17}},"loc":{"start":{"line":22,"column":20},"end":{"line":24,"column":null}}},"2":{"name":"(anonymous_2)","decl":{"start":{"line":26,"column":2},"end":{"line":26,"column":6}},"loc":{"start":{"line":26,"column":9},"end":{"line":31,"column":null}}},"3":{"name":"(anonymous_3)","decl":{"start":{"line":33,"column":4},"end":{"line":33,"column":12}},"loc":{"start":{"line":33,"column":15},"end":{"line":36,"column":null}}}},"branchMap":{},"s":{"0":1,"1":12,"2":5,"3":5,"4":2,"5":2},"f":{"0":12,"1":5,"2":5,"3":2},"b":{}}
}
